{"level":"info","message":"Hello from acquisition!","service":"aquisutions-api"}
{"level":"info","message":"::1 - - [08/Feb/2026:11:03:39 +0000] \"GET / HTTP/1.1\" 200 23 \"-\" \"Mozilla/5.0 (Macintosh; Intel Mac OS X 10_15_7) AppleWebKit/537.36 (KHTML, like Gecko) Chrome/144.0.0.0 Safari/537.36\"","service":"aquisutions-api"}
{"level":"info","message":"::1 - - [08/Feb/2026:11:03:39 +0000] \"GET /favicon.ico HTTP/1.1\" 404 150 \"-\" \"Mozilla/5.0 (Macintosh; Intel Mac OS X 10_15_7) AppleWebKit/537.36 (KHTML, like Gecko) Chrome/144.0.0.0 Safari/537.36\"","service":"aquisutions-api"}
{"level":"info","message":"Hello from acquisition!","service":"aquisutions-api"}
{"level":"info","message":"::1 - - [08/Feb/2026:11:50:44 +0000] \"GET / HTTP/1.1\" 304 - \"-\" \"Mozilla/5.0 (Macintosh; Intel Mac OS X 10_15_7) AppleWebKit/537.36 (KHTML, like Gecko) Chrome/144.0.0.0 Safari/537.36\"","service":"aquisutions-api"}
{"level":"info","message":"::1 - - [08/Feb/2026:11:50:50 +0000] \"GET /health HTTP/1.1\" 200 76 \"-\" \"Mozilla/5.0 (Macintosh; Intel Mac OS X 10_15_7) AppleWebKit/537.36 (KHTML, like Gecko) Chrome/144.0.0.0 Safari/537.36\"","service":"aquisutions-api"}
{"level":"info","message":"Hello from acquisition!","service":"aquisutions-api"}
{"level":"info","message":"::1 - - [08/Feb/2026:11:53:57 +0000] \"GET / HTTP/1.1\" 200 23 \"-\" \"PostmanRuntime/7.43.2\"","service":"aquisutions-api"}
{"level":"info","message":"Hello from acquisition!","service":"aquisutions-api"}
{"level":"info","message":"::1 - - [08/Feb/2026:11:54:38 +0000] \"GET / HTTP/1.1\" 200 23 \"-\" \"PostmanRuntime/7.43.2\"","service":"aquisutions-api"}
{"level":"info","message":"::1 - - [08/Feb/2026:11:55:57 +0000] \"GET /api HTTP/1.1\" 200 41 \"-\" \"PostmanRuntime/7.43.2\"","service":"aquisutions-api"}
{"level":"info","message":"::1 - - [08/Feb/2026:11:56:35 +0000] \"GET /health HTTP/1.1\" 200 77 \"-\" \"PostmanRuntime/7.43.2\"","service":"aquisutions-api"}
{"level":"info","message":"::1 - - [08/Feb/2026:11:57:28 +0000] \"POST /api/auth/sign-in HTTP/1.1\" 200 31 \"-\" \"PostmanRuntime/7.43.2\"","service":"aquisutions-api"}
{"level":"info","message":"::1 - - [12/Feb/2026:17:23:50 +0000] \"POST /api/auth/sign-up HTTP/1.1\" 200 31 \"-\" \"PostmanRuntime/7.43.2\"","service":"aquisutions-api"}
{"level":"error","message":"Signup error Cannot destructure property 'name' of 'validationResult.data' as it is undefined.","service":"aquisutions-api","stack":"TypeError: Cannot destructure property 'name' of 'validationResult.data' as it is undefined.\n    at signup (file:///Users/shreyanshsoni/Desktop/acquisitions/src/controllers/auth.controller.js:15:15)\n    at Layer.handleRequest (/Users/shreyanshsoni/Desktop/acquisitions/node_modules/router/lib/layer.js:152:17)\n    at next (/Users/shreyanshsoni/Desktop/acquisitions/node_modules/router/lib/route.js:157:13)\n    at Route.dispatch (/Users/shreyanshsoni/Desktop/acquisitions/node_modules/router/lib/route.js:117:3)\n    at handle (/Users/shreyanshsoni/Desktop/acquisitions/node_modules/router/index.js:435:11)\n    at Layer.handleRequest (/Users/shreyanshsoni/Desktop/acquisitions/node_modules/router/lib/layer.js:152:17)\n    at /Users/shreyanshsoni/Desktop/acquisitions/node_modules/router/index.js:295:15\n    at processParams (/Users/shreyanshsoni/Desktop/acquisitions/node_modules/router/index.js:582:12)\n    at next (/Users/shreyanshsoni/Desktop/acquisitions/node_modules/router/index.js:291:5)\n    at Function.handle (/Users/shreyanshsoni/Desktop/acquisitions/node_modules/router/index.js:186:3)"}
{"level":"info","message":"::1 - - [12/Feb/2026:17:24:37 +0000] \"POST /api/auth/sign-up HTTP/1.1\" 400 92 \"-\" \"PostmanRuntime/7.43.2\"","service":"aquisutions-api"}
{"level":"error","message":"Signup error Cannot destructure property 'name' of 'validationResult.data' as it is undefined.","service":"aquisutions-api","stack":"TypeError: Cannot destructure property 'name' of 'validationResult.data' as it is undefined.\n    at signup (file:///Users/shreyanshsoni/Desktop/acquisitions/src/controllers/auth.controller.js:15:15)\n    at Layer.handleRequest (/Users/shreyanshsoni/Desktop/acquisitions/node_modules/router/lib/layer.js:152:17)\n    at next (/Users/shreyanshsoni/Desktop/acquisitions/node_modules/router/lib/route.js:157:13)\n    at Route.dispatch (/Users/shreyanshsoni/Desktop/acquisitions/node_modules/router/lib/route.js:117:3)\n    at handle (/Users/shreyanshsoni/Desktop/acquisitions/node_modules/router/index.js:435:11)\n    at Layer.handleRequest (/Users/shreyanshsoni/Desktop/acquisitions/node_modules/router/lib/layer.js:152:17)\n    at /Users/shreyanshsoni/Desktop/acquisitions/node_modules/router/index.js:295:15\n    at processParams (/Users/shreyanshsoni/Desktop/acquisitions/node_modules/router/index.js:582:12)\n    at next (/Users/shreyanshsoni/Desktop/acquisitions/node_modules/router/index.js:291:5)\n    at Function.handle (/Users/shreyanshsoni/Desktop/acquisitions/node_modules/router/index.js:186:3)"}
{"level":"info","message":"::1 - - [12/Feb/2026:17:25:55 +0000] \"POST /api/auth/sign-up HTTP/1.1\" 400 92 \"-\" \"PostmanRuntime/7.43.2\"","service":"aquisutions-api"}
{"level":"error","message":"Signup error Cannot destructure property 'name' of 'validationResult.data' as it is undefined.","service":"aquisutions-api","stack":"TypeError: Cannot destructure property 'name' of 'validationResult.data' as it is undefined.\n    at signup (file:///Users/shreyanshsoni/Desktop/acquisitions/src/controllers/auth.controller.js:15:15)\n    at Layer.handleRequest (/Users/shreyanshsoni/Desktop/acquisitions/node_modules/router/lib/layer.js:152:17)\n    at next (/Users/shreyanshsoni/Desktop/acquisitions/node_modules/router/lib/route.js:157:13)\n    at Route.dispatch (/Users/shreyanshsoni/Desktop/acquisitions/node_modules/router/lib/route.js:117:3)\n    at handle (/Users/shreyanshsoni/Desktop/acquisitions/node_modules/router/index.js:435:11)\n    at Layer.handleRequest (/Users/shreyanshsoni/Desktop/acquisitions/node_modules/router/lib/layer.js:152:17)\n    at /Users/shreyanshsoni/Desktop/acquisitions/node_modules/router/index.js:295:15\n    at processParams (/Users/shreyanshsoni/Desktop/acquisitions/node_modules/router/index.js:582:12)\n    at next (/Users/shreyanshsoni/Desktop/acquisitions/node_modules/router/index.js:291:5)\n    at Function.handle (/Users/shreyanshsoni/Desktop/acquisitions/node_modules/router/index.js:186:3)"}
{"level":"info","message":"::1 - - [12/Feb/2026:17:26:08 +0000] \"POST /api/auth/sign-up HTTP/1.1\" 400 92 \"-\" \"PostmanRuntime/7.43.2\"","service":"aquisutions-api"}
{"level":"error","message":"Signup error Cannot destructure property 'name' of 'validationResult.data' as it is undefined.","service":"aquisutions-api","stack":"TypeError: Cannot destructure property 'name' of 'validationResult.data' as it is undefined.\n    at signup (file:///Users/shreyanshsoni/Desktop/acquisitions/src/controllers/auth.controller.js:15:15)\n    at Layer.handleRequest (/Users/shreyanshsoni/Desktop/acquisitions/node_modules/router/lib/layer.js:152:17)\n    at next (/Users/shreyanshsoni/Desktop/acquisitions/node_modules/router/lib/route.js:157:13)\n    at Route.dispatch (/Users/shreyanshsoni/Desktop/acquisitions/node_modules/router/lib/route.js:117:3)\n    at handle (/Users/shreyanshsoni/Desktop/acquisitions/node_modules/router/index.js:435:11)\n    at Layer.handleRequest (/Users/shreyanshsoni/Desktop/acquisitions/node_modules/router/lib/layer.js:152:17)\n    at /Users/shreyanshsoni/Desktop/acquisitions/node_modules/router/index.js:295:15\n    at processParams (/Users/shreyanshsoni/Desktop/acquisitions/node_modules/router/index.js:582:12)\n    at next (/Users/shreyanshsoni/Desktop/acquisitions/node_modules/router/index.js:291:5)\n    at Function.handle (/Users/shreyanshsoni/Desktop/acquisitions/node_modules/router/index.js:186:3)"}
{"level":"info","message":"::1 - - [12/Feb/2026:17:26:09 +0000] \"POST /api/auth/sign-up HTTP/1.1\" 400 92 \"-\" \"PostmanRuntime/7.43.2\"","service":"aquisutions-api"}
{"level":"error","message":"Signup error Cannot destructure property 'name' of 'validationResult.data' as it is undefined.","service":"aquisutions-api","stack":"TypeError: Cannot destructure property 'name' of 'validationResult.data' as it is undefined.\n    at signup (file:///Users/shreyanshsoni/Desktop/acquisitions/src/controllers/auth.controller.js:15:15)\n    at Layer.handleRequest (/Users/shreyanshsoni/Desktop/acquisitions/node_modules/router/lib/layer.js:152:17)\n    at next (/Users/shreyanshsoni/Desktop/acquisitions/node_modules/router/lib/route.js:157:13)\n    at Route.dispatch (/Users/shreyanshsoni/Desktop/acquisitions/node_modules/router/lib/route.js:117:3)\n    at handle (/Users/shreyanshsoni/Desktop/acquisitions/node_modules/router/index.js:435:11)\n    at Layer.handleRequest (/Users/shreyanshsoni/Desktop/acquisitions/node_modules/router/lib/layer.js:152:17)\n    at /Users/shreyanshsoni/Desktop/acquisitions/node_modules/router/index.js:295:15\n    at processParams (/Users/shreyanshsoni/Desktop/acquisitions/node_modules/router/index.js:582:12)\n    at next (/Users/shreyanshsoni/Desktop/acquisitions/node_modules/router/index.js:291:5)\n    at Function.handle (/Users/shreyanshsoni/Desktop/acquisitions/node_modules/router/index.js:186:3)"}
{"level":"info","message":"::1 - - [12/Feb/2026:17:29:50 +0000] \"POST /api/auth/sign-up HTTP/1.1\" 400 92 \"-\" \"PostmanRuntime/7.43.2\"","service":"aquisutions-api"}
{"level":"error","message":"Signup error Cannot destructure property 'name' of 'validationResult.data' as it is undefined.","service":"aquisutions-api","stack":"TypeError: Cannot destructure property 'name' of 'validationResult.data' as it is undefined.\n    at signup (file:///Users/shreyanshsoni/Desktop/acquisitions/src/controllers/auth.controller.js:15:15)\n    at Layer.handleRequest (/Users/shreyanshsoni/Desktop/acquisitions/node_modules/router/lib/layer.js:152:17)\n    at next (/Users/shreyanshsoni/Desktop/acquisitions/node_modules/router/lib/route.js:157:13)\n    at Route.dispatch (/Users/shreyanshsoni/Desktop/acquisitions/node_modules/router/lib/route.js:117:3)\n    at handle (/Users/shreyanshsoni/Desktop/acquisitions/node_modules/router/index.js:435:11)\n    at Layer.handleRequest (/Users/shreyanshsoni/Desktop/acquisitions/node_modules/router/lib/layer.js:152:17)\n    at /Users/shreyanshsoni/Desktop/acquisitions/node_modules/router/index.js:295:15\n    at processParams (/Users/shreyanshsoni/Desktop/acquisitions/node_modules/router/index.js:582:12)\n    at next (/Users/shreyanshsoni/Desktop/acquisitions/node_modules/router/index.js:291:5)\n    at Function.handle (/Users/shreyanshsoni/Desktop/acquisitions/node_modules/router/index.js:186:3)"}
{"level":"info","message":"::1 - - [12/Feb/2026:17:31:30 +0000] \"POST /api/auth/sign-up HTTP/1.1\" 400 92 \"-\" \"PostmanRuntime/7.43.2\"","service":"aquisutions-api"}
{"level":"error","message":"Signup error Cannot destructure property 'name' of 'validationResult.data' as it is undefined.","service":"aquisutions-api","stack":"TypeError: Cannot destructure property 'name' of 'validationResult.data' as it is undefined.\n    at signup (file:///Users/shreyanshsoni/Desktop/acquisitions/src/controllers/auth.controller.js:15:15)\n    at Layer.handleRequest (/Users/shreyanshsoni/Desktop/acquisitions/node_modules/router/lib/layer.js:152:17)\n    at next (/Users/shreyanshsoni/Desktop/acquisitions/node_modules/router/lib/route.js:157:13)\n    at Route.dispatch (/Users/shreyanshsoni/Desktop/acquisitions/node_modules/router/lib/route.js:117:3)\n    at handle (/Users/shreyanshsoni/Desktop/acquisitions/node_modules/router/index.js:435:11)\n    at Layer.handleRequest (/Users/shreyanshsoni/Desktop/acquisitions/node_modules/router/lib/layer.js:152:17)\n    at /Users/shreyanshsoni/Desktop/acquisitions/node_modules/router/index.js:295:15\n    at processParams (/Users/shreyanshsoni/Desktop/acquisitions/node_modules/router/index.js:582:12)\n    at next (/Users/shreyanshsoni/Desktop/acquisitions/node_modules/router/index.js:291:5)\n    at Function.handle (/Users/shreyanshsoni/Desktop/acquisitions/node_modules/router/index.js:186:3)"}
{"level":"info","message":"::1 - - [12/Feb/2026:17:33:19 +0000] \"POST /api/auth/sign-up HTTP/1.1\" 400 196 \"-\" \"PostmanRuntime/7.43.2\"","service":"aquisutions-api"}
{"level":"info","message":"::1 - - [12/Feb/2026:17:35:29 +0000] \"POST /api/auth/sign-up HTTP/1.1\" 400 92 \"-\" \"PostmanRuntime/7.43.2\"","service":"aquisutions-api"}
{"level":"info","message":"::1 - - [12/Feb/2026:17:36:22 +0000] \"GET /api/auth/sign-up HTTP/1.1\" 404 155 \"-\" \"PostmanRuntime/7.43.2\"","service":"aquisutions-api"}
{"level":"info","message":"::1 - - [12/Feb/2026:17:36:30 +0000] \"POST /api/auth/sign-up HTTP/1.1\" 400 92 \"-\" \"PostmanRuntime/7.43.2\"","service":"aquisutions-api"}
{"level":"info","message":"::1 - - [12/Feb/2026:17:40:34 +0000] \"POST /api/auth/sign-up HTTP/1.1\" 400 92 \"-\" \"PostmanRuntime/7.43.2\"","service":"aquisutions-api"}
{"level":"info","message":"::1 - - [12/Feb/2026:17:43:14 +0000] \"POST /api/auth/sign-up HTTP/1.1\" 400 197 \"-\" \"PostmanRuntime/7.43.2\"","service":"aquisutions-api"}
{"level":"info","message":"::1 - - [12/Feb/2026:17:43:44 +0000] \"POST /api/auth/sign-up HTTP/1.1\" 400 93 \"-\" \"PostmanRuntime/7.43.2\"","service":"aquisutions-api"}
{"level":"info","message":"::1 - - [12/Feb/2026:17:44:47 +0000] \"POST /api/auth/sign-up HTTP/1.1\" 400 92 \"-\" \"PostmanRuntime/7.43.2\"","service":"aquisutions-api"}
{"level":"info","message":"::1 - - [12/Feb/2026:17:49:20 +0000] \"POST /api/auth/sign-up HTTP/1.1\" 400 92 \"-\" \"PostmanRuntime/7.43.2\"","service":"aquisutions-api"}
{"level":"info","message":"::1 - - [12/Feb/2026:17:51:15 +0000] \"POST /api/auth/sign-up HTTP/1.1\" 400 92 \"-\" \"PostmanRuntime/7.43.2\"","service":"aquisutions-api"}
{"level":"info","message":"::1 - - [12/Feb/2026:17:51:56 +0000] \"POST /api/auth/sign-up HTTP/1.1\" 400 92 \"-\" \"PostmanRuntime/7.43.2\"","service":"aquisutions-api"}
{"level":"info","message":"::1 - - [12/Feb/2026:17:53:03 +0000] \"POST /api/auth/sign-up HTTP/1.1\" 400 93 \"-\" \"PostmanRuntime/7.43.2\"","service":"aquisutions-api"}
{"level":"info","message":"User registered: Shrey with email: shrey@test.com","service":"aquisutions-api"}
{"level":"info","message":"::1 - - [12/Feb/2026:17:54:44 +0000] \"POST /api/auth/sign-up HTTP/1.1\" 201 112 \"-\" \"PostmanRuntime/7.43.2\"","service":"aquisutions-api"}
{"level":"error","message":"Signup error password is not defined","service":"aquisutions-api","stack":"ReferenceError: password is not defined\n    at signup (file:///Users/shreyanshsoni/Desktop/acquisitions/src/controllers/auth.controller.js:20:50)\n    at Layer.handleRequest (/Users/shreyanshsoni/Desktop/acquisitions/node_modules/router/lib/layer.js:152:17)\n    at next (/Users/shreyanshsoni/Desktop/acquisitions/node_modules/router/lib/route.js:157:13)\n    at Route.dispatch (/Users/shreyanshsoni/Desktop/acquisitions/node_modules/router/lib/route.js:117:3)\n    at handle (/Users/shreyanshsoni/Desktop/acquisitions/node_modules/router/index.js:435:11)\n    at Layer.handleRequest (/Users/shreyanshsoni/Desktop/acquisitions/node_modules/router/lib/layer.js:152:17)\n    at /Users/shreyanshsoni/Desktop/acquisitions/node_modules/router/index.js:295:15\n    at processParams (/Users/shreyanshsoni/Desktop/acquisitions/node_modules/router/index.js:582:12)\n    at next (/Users/shreyanshsoni/Desktop/acquisitions/node_modules/router/index.js:291:5)\n    at Function.handle (/Users/shreyanshsoni/Desktop/acquisitions/node_modules/router/index.js:186:3)"}
{"level":"info","message":"::1 - - [12/Feb/2026:18:15:11 +0000] \"POST /api/auth/sign-up HTTP/1.1\" 500 1298 \"-\" \"PostmanRuntime/7.43.2\"","service":"aquisutions-api"}
{"level":"error","message":"Error creating user: TypeError: Cannot convert undefined or null to object","service":"aquisutions-api"}
{"level":"error","message":"Signup error Cannot convert undefined or null to object","service":"aquisutions-api","stack":"TypeError: Cannot convert undefined or null to object\n    at Function.entries (<anonymous>)\n    at orderSelectedFields (file:///Users/shreyanshsoni/Desktop/acquisitions/node_modules/drizzle-orm/utils.js:55:17)\n    at file:///Users/shreyanshsoni/Desktop/acquisitions/node_modules/drizzle-orm/utils.js:65:22\n    at Array.reduce (<anonymous>)\n    at orderSelectedFields (file:///Users/shreyanshsoni/Desktop/acquisitions/node_modules/drizzle-orm/utils.js:55:33)\n    at QueryPromise.returning (file:///Users/shreyanshsoni/Desktop/acquisitions/node_modules/drizzle-orm/pg-core/query-builders/insert.js:75:29)\n    at createUser (file:///Users/shreyanshsoni/Desktop/acquisitions/src/services/auth.service.js:30:8)\n    at async signup (file:///Users/shreyanshsoni/Desktop/acquisitions/src/controllers/auth.controller.js:20:18)"}
{"level":"info","message":"::1 - - [12/Feb/2026:18:19:32 +0000] \"POST /api/auth/sign-up HTTP/1.1\" 500 1060 \"-\" \"PostmanRuntime/7.43.2\"","service":"aquisutions-api"}
{"level":"error","message":"Error creating user: TypeError: Cannot convert undefined or null to object","service":"aquisutions-api"}
{"level":"error","message":"Signup error Cannot convert undefined or null to object","service":"aquisutions-api","stack":"TypeError: Cannot convert undefined or null to object\n    at Function.entries (<anonymous>)\n    at orderSelectedFields (file:///Users/shreyanshsoni/Desktop/acquisitions/node_modules/drizzle-orm/utils.js:55:17)\n    at file:///Users/shreyanshsoni/Desktop/acquisitions/node_modules/drizzle-orm/utils.js:65:22\n    at Array.reduce (<anonymous>)\n    at orderSelectedFields (file:///Users/shreyanshsoni/Desktop/acquisitions/node_modules/drizzle-orm/utils.js:55:33)\n    at QueryPromise.returning (file:///Users/shreyanshsoni/Desktop/acquisitions/node_modules/drizzle-orm/pg-core/query-builders/insert.js:75:29)\n    at createUser (file:///Users/shreyanshsoni/Desktop/acquisitions/src/services/auth.service.js:30:8)\n    at async signup (file:///Users/shreyanshsoni/Desktop/acquisitions/src/controllers/auth.controller.js:20:18)"}
{"level":"info","message":"::1 - - [12/Feb/2026:18:20:01 +0000] \"POST /api/auth/sign-up HTTP/1.1\" 500 1060 \"-\" \"PostmanRuntime/7.43.2\"","service":"aquisutions-api"}
{"level":"error","message":"Error creating user: TypeError: Cannot convert undefined or null to object","service":"aquisutions-api"}
{"level":"error","message":"Signup error Cannot convert undefined or null to object","service":"aquisutions-api","stack":"TypeError: Cannot convert undefined or null to object\n    at Function.entries (<anonymous>)\n    at orderSelectedFields (file:///Users/shreyanshsoni/Desktop/acquisitions/node_modules/drizzle-orm/utils.js:55:17)\n    at file:///Users/shreyanshsoni/Desktop/acquisitions/node_modules/drizzle-orm/utils.js:65:22\n    at Array.reduce (<anonymous>)\n    at orderSelectedFields (file:///Users/shreyanshsoni/Desktop/acquisitions/node_modules/drizzle-orm/utils.js:55:33)\n    at QueryPromise.returning (file:///Users/shreyanshsoni/Desktop/acquisitions/node_modules/drizzle-orm/pg-core/query-builders/insert.js:75:29)\n    at createUser (file:///Users/shreyanshsoni/Desktop/acquisitions/src/services/auth.service.js:30:8)\n    at async signup (file:///Users/shreyanshsoni/Desktop/acquisitions/src/controllers/auth.controller.js:20:18)"}
{"level":"info","message":"::1 - - [14/Feb/2026:06:01:10 +0000] \"POST /api/auth/sign-up HTTP/1.1\" 500 1060 \"-\" \"PostmanRuntime/7.43.2\"","service":"aquisutions-api"}
{"level":"error","message":"Error creating user: TypeError: Cannot convert undefined or null to object","service":"aquisutions-api"}
{"level":"error","message":"Signup error Cannot convert undefined or null to object","service":"aquisutions-api","stack":"TypeError: Cannot convert undefined or null to object\n    at Function.entries (<anonymous>)\n    at orderSelectedFields (file:///Users/shreyanshsoni/Desktop/acquisitions/node_modules/drizzle-orm/utils.js:55:17)\n    at file:///Users/shreyanshsoni/Desktop/acquisitions/node_modules/drizzle-orm/utils.js:65:22\n    at Array.reduce (<anonymous>)\n    at orderSelectedFields (file:///Users/shreyanshsoni/Desktop/acquisitions/node_modules/drizzle-orm/utils.js:55:33)\n    at QueryPromise.returning (file:///Users/shreyanshsoni/Desktop/acquisitions/node_modules/drizzle-orm/pg-core/query-builders/insert.js:75:29)\n    at createUser (file:///Users/shreyanshsoni/Desktop/acquisitions/src/services/auth.service.js:30:8)\n    at async signup (file:///Users/shreyanshsoni/Desktop/acquisitions/src/controllers/auth.controller.js:20:18)"}
{"level":"info","message":"::1 - - [14/Feb/2026:06:01:39 +0000] \"POST /api/auth/sign-up HTTP/1.1\" 500 1060 \"-\" \"PostmanRuntime/7.43.2\"","service":"aquisutions-api"}
{"level":"error","message":"Error creating user: TypeError: Cannot convert undefined or null to object","service":"aquisutions-api"}
{"level":"error","message":"Signup error Cannot convert undefined or null to object","service":"aquisutions-api","stack":"TypeError: Cannot convert undefined or null to object\n    at Function.entries (<anonymous>)\n    at orderSelectedFields (file:///Users/shreyanshsoni/Desktop/acquisitions/node_modules/drizzle-orm/utils.js:55:17)\n    at file:///Users/shreyanshsoni/Desktop/acquisitions/node_modules/drizzle-orm/utils.js:65:22\n    at Array.reduce (<anonymous>)\n    at orderSelectedFields (file:///Users/shreyanshsoni/Desktop/acquisitions/node_modules/drizzle-orm/utils.js:55:33)\n    at QueryPromise.returning (file:///Users/shreyanshsoni/Desktop/acquisitions/node_modules/drizzle-orm/pg-core/query-builders/insert.js:75:29)\n    at createUser (file:///Users/shreyanshsoni/Desktop/acquisitions/src/services/auth.service.js:30:8)\n    at async signup (file:///Users/shreyanshsoni/Desktop/acquisitions/src/controllers/auth.controller.js:20:18)"}
{"level":"info","message":"::1 - - [14/Feb/2026:06:04:14 +0000] \"POST /api/auth/sign-up HTTP/1.1\" 500 1060 \"-\" \"PostmanRuntime/7.43.2\"","service":"aquisutions-api"}
{"level":"error","message":"Error creating user: TypeError: Cannot convert undefined or null to object","service":"aquisutions-api"}
{"level":"error","message":"Signup error Cannot convert undefined or null to object","service":"aquisutions-api","stack":"TypeError: Cannot convert undefined or null to object\n    at Function.entries (<anonymous>)\n    at orderSelectedFields (file:///Users/shreyanshsoni/Desktop/acquisitions/node_modules/drizzle-orm/utils.js:55:17)\n    at file:///Users/shreyanshsoni/Desktop/acquisitions/node_modules/drizzle-orm/utils.js:65:22\n    at Array.reduce (<anonymous>)\n    at orderSelectedFields (file:///Users/shreyanshsoni/Desktop/acquisitions/node_modules/drizzle-orm/utils.js:55:33)\n    at QueryPromise.returning (file:///Users/shreyanshsoni/Desktop/acquisitions/node_modules/drizzle-orm/pg-core/query-builders/insert.js:75:29)\n    at createUser (file:///Users/shreyanshsoni/Desktop/acquisitions/src/services/auth.service.js:33:8)\n    at async signup (file:///Users/shreyanshsoni/Desktop/acquisitions/src/controllers/auth.controller.js:20:18)"}
{"level":"info","message":"::1 - - [14/Feb/2026:06:05:32 +0000] \"POST /api/auth/sign-up HTTP/1.1\" 500 1060 \"-\" \"PostmanRuntime/7.43.2\"","service":"aquisutions-api"}
{"level":"error","message":"Error creating user: TypeError: Cannot convert undefined or null to object","service":"aquisutions-api"}
{"level":"error","message":"Signup error Cannot convert undefined or null to object","service":"aquisutions-api","stack":"TypeError: Cannot convert undefined or null to object\n    at Function.entries (<anonymous>)\n    at orderSelectedFields (file:///Users/shreyanshsoni/Desktop/acquisitions/node_modules/drizzle-orm/utils.js:55:17)\n    at file:///Users/shreyanshsoni/Desktop/acquisitions/node_modules/drizzle-orm/utils.js:65:22\n    at Array.reduce (<anonymous>)\n    at orderSelectedFields (file:///Users/shreyanshsoni/Desktop/acquisitions/node_modules/drizzle-orm/utils.js:55:33)\n    at QueryPromise.returning (file:///Users/shreyanshsoni/Desktop/acquisitions/node_modules/drizzle-orm/pg-core/query-builders/insert.js:75:29)\n    at createUser (file:///Users/shreyanshsoni/Desktop/acquisitions/src/services/auth.service.js:37:8)\n    at async signup (file:///Users/shreyanshsoni/Desktop/acquisitions/src/controllers/auth.controller.js:20:18)"}
{"level":"info","message":"::1 - - [14/Feb/2026:06:06:48 +0000] \"POST /api/auth/sign-up HTTP/1.1\" 500 1060 \"-\" \"PostmanRuntime/7.43.2\"","service":"aquisutions-api"}
{"level":"info","message":"Successfully created user: 1","service":"aquisutions-api"}
{"level":"error","message":"Signup error res.cookies is not a function","service":"aquisutions-api","stack":"TypeError: res.cookies is not a function\n    at Object.set (file:///Users/shreyanshsoni/Desktop/acquisitions/src/utils/cookies.js:9:9)\n    at signup (file:///Users/shreyanshsoni/Desktop/acquisitions/src/controllers/auth.controller.js:27:13)\n    at process.processTicksAndRejections (node:internal/process/task_queues:95:5)"}
{"level":"info","message":"::1 - - [14/Feb/2026:06:08:21 +0000] \"POST /api/auth/sign-up HTTP/1.1\" 500 488 \"-\" \"PostmanRuntime/7.43.2\"","service":"aquisutions-api"}
{"level":"error","message":"Error creating user: Error: User already exists","service":"aquisutions-api"}
{"level":"error","message":"Signup error User already exists","service":"aquisutions-api","stack":"Error: User already exists\n    at createUser (file:///Users/shreyanshsoni/Desktop/acquisitions/src/services/auth.service.js:25:13)\n    at process.processTicksAndRejections (node:internal/process/task_queues:95:5)\n    at async signup (file:///Users/shreyanshsoni/Desktop/acquisitions/src/controllers/auth.controller.js:20:18)"}
{"level":"info","message":"::1 - - [14/Feb/2026:06:08:36 +0000] \"POST /api/auth/sign-up HTTP/1.1\" 500 490 \"-\" \"PostmanRuntime/7.43.2\"","service":"aquisutions-api"}
{"level":"info","message":"Successfully created user: 2","service":"aquisutions-api"}
{"level":"error","message":"Signup error res.cookies is not a function","service":"aquisutions-api","stack":"TypeError: res.cookies is not a function\n    at Object.set (file:///Users/shreyanshsoni/Desktop/acquisitions/src/utils/cookies.js:9:9)\n    at signup (file:///Users/shreyanshsoni/Desktop/acquisitions/src/controllers/auth.controller.js:27:13)\n    at process.processTicksAndRejections (node:internal/process/task_queues:95:5)"}
{"level":"info","message":"::1 - - [14/Feb/2026:06:09:03 +0000] \"POST /api/auth/sign-up HTTP/1.1\" 500 488 \"-\" \"PostmanRuntime/7.43.2\"","service":"aquisutions-api"}
{"level":"error","message":"Error creating user: Error: User already exists","service":"aquisutions-api"}
{"level":"error","message":"Signup error User already exists","service":"aquisutions-api","stack":"Error: User already exists\n    at createUser (file:///Users/shreyanshsoni/Desktop/acquisitions/src/services/auth.service.js:25:13)\n    at process.processTicksAndRejections (node:internal/process/task_queues:95:5)\n    at async signup (file:///Users/shreyanshsoni/Desktop/acquisitions/src/controllers/auth.controller.js:20:18)"}
{"level":"info","message":"::1 - - [14/Feb/2026:06:10:52 +0000] \"POST /api/auth/sign-up HTTP/1.1\" 500 490 \"-\" \"PostmanRuntime/7.43.2\"","service":"aquisutions-api"}
{"level":"info","message":"Successfully created user: 3","service":"aquisutions-api"}
{"level":"info","message":"User registered: Shrey3 with email: shrey@test3.com","service":"aquisutions-api"}
{"level":"info","message":"::1 - - [14/Feb/2026:06:11:05 +0000] \"POST /api/auth/sign-up HTTP/1.1\" 201 115 \"-\" \"PostmanRuntime/7.43.2\"","service":"aquisutions-api"}
{"level":"info","message":"User authenticated: 3","service":"aquisutions-api"}
{"level":"info","message":"User signed in: shrey@test3.com","service":"aquisutions-api"}
{"level":"info","message":"::1 - - [14/Feb/2026:06:31:23 +0000] \"POST /api/auth/sign-in HTTP/1.1\" 200 114 \"-\" \"PostmanRuntime/7.43.2\"","service":"aquisutions-api"}
{"level":"info","message":"User signed out","service":"aquisutions-api"}
{"level":"info","message":"::1 - - [14/Feb/2026:06:31:43 +0000] \"POST /api/auth/sign-out HTTP/1.1\" 200 42 \"-\" \"PostmanRuntime/7.43.2\"","service":"aquisutions-api"}
{"level":"info","message":"::1 - - [14/Feb/2026:07:07:57 +0000] \"POST /health HTTP/1.1\" 500 95 \"-\" \"PostmanRuntime/7.43.2\"","service":"aquisutions-api"}
{"level":"info","message":"::1 - - [14/Feb/2026:07:08:06 +0000] \"GET /health HTTP/1.1\" 500 95 \"-\" \"PostmanRuntime/7.43.2\"","service":"aquisutions-api"}
{"level":"info","message":"::1 - - [14/Feb/2026:07:08:07 +0000] \"GET /health HTTP/1.1\" 500 95 \"-\" \"PostmanRuntime/7.43.2\"","service":"aquisutions-api"}
{"ip":"::1","level":"warn","message":"Bot request blocked","path":"/health","service":"aquisutions-api","userAgent":"PostmanRuntime/7.43.2"}
{"level":"info","message":"::1 - - [14/Feb/2026:07:09:40 +0000] \"GET /health HTTP/1.1\" 403 68 \"-\" \"PostmanRuntime/7.43.2\"","service":"aquisutions-api"}
{"ip":"::1","level":"warn","message":"Bot request blocked","path":"/health","service":"aquisutions-api","userAgent":"PostmanRuntime/7.43.2"}
{"level":"info","message":"::1 - - [14/Feb/2026:07:17:35 +0000] \"GET /health HTTP/1.1\" 403 68 \"-\" \"PostmanRuntime/7.43.2\"","service":"aquisutions-api"}
{"ip":"::1","level":"warn","message":"Bot request blocked","path":"/health","service":"aquisutions-api","userAgent":"PostmanRuntime/7.43.2"}
{"level":"info","message":"::1 - - [14/Feb/2026:07:20:45 +0000] \"GET /health HTTP/1.1\" 403 68 \"-\" \"PostmanRuntime/7.43.2\"","service":"aquisutions-api"}
{"ip":"::1","level":"warn","message":"Bot request blocked","path":"/health","service":"aquisutions-api","userAgent":"PostmanRuntime/7.43.2"}
{"level":"info","message":"::1 - - [14/Feb/2026:07:20:46 +0000] \"GET /health HTTP/1.1\" 403 68 \"-\" \"PostmanRuntime/7.43.2\"","service":"aquisutions-api"}
{"ip":"::1","level":"warn","message":"Bot request blocked","path":"/health","service":"aquisutions-api","userAgent":"PostmanRuntime/7.43.2"}
{"level":"info","message":"::1 - - [14/Feb/2026:07:20:47 +0000] \"GET /health HTTP/1.1\" 403 68 \"-\" \"PostmanRuntime/7.43.2\"","service":"aquisutions-api"}
{"ip":"::1","level":"warn","message":"Bot request blocked","path":"/health","service":"aquisutions-api","userAgent":"PostmanRuntime/7.43.2"}
{"level":"info","message":"::1 - - [14/Feb/2026:07:20:48 +0000] \"GET /health HTTP/1.1\" 403 68 \"-\" \"PostmanRuntime/7.43.2\"","service":"aquisutions-api"}
{"level":"info","message":"::1 - - [14/Feb/2026:07:21:42 +0000] \"GET /health HTTP/1.1\" 200 75 \"-\" \"PostmanRuntime/7.43.2\"","service":"aquisutions-api"}
{"level":"info","message":"::1 - - [14/Feb/2026:07:21:44 +0000] \"GET /health HTTP/1.1\" 200 74 \"-\" \"PostmanRuntime/7.43.2\"","service":"aquisutions-api"}
{"level":"info","message":"::1 - - [14/Feb/2026:07:21:46 +0000] \"GET /health HTTP/1.1\" 200 75 \"-\" \"PostmanRuntime/7.43.2\"","service":"aquisutions-api"}
{"level":"info","message":"::1 - - [14/Feb/2026:07:21:55 +0000] \"GET /health HTTP/1.1\" - - \"-\" \"PostmanRuntime/7.43.2\"","service":"aquisutions-api"}
{"ip":"::1","level":"warn","message":"Bot request blocked","path":"/health","service":"aquisutions-api","userAgent":"PostmanRuntime/7.43.2"}
{"level":"info","message":"::1 - - [14/Feb/2026:07:22:12 +0000] \"GET /health HTTP/1.1\" 403 68 \"-\" \"PostmanRuntime/7.43.2\"","service":"aquisutions-api"}
{"ip":"::1","level":"warn","message":"Bot request blocked","path":"/health","service":"aquisutions-api","userAgent":"PostmanRuntime/7.43.2"}
{"level":"info","message":"::1 - - [14/Feb/2026:07:22:13 +0000] \"GET /health HTTP/1.1\" 403 68 \"-\" \"PostmanRuntime/7.43.2\"","service":"aquisutions-api"}
{"ip":"::1","level":"warn","message":"Bot request blocked","path":"/health","service":"aquisutions-api","userAgent":"PostmanRuntime/7.43.2"}
{"level":"info","message":"::1 - - [14/Feb/2026:07:22:14 +0000] \"GET /health HTTP/1.1\" 403 68 \"-\" \"PostmanRuntime/7.43.2\"","service":"aquisutions-api"}
{"ip":"::1","level":"warn","message":"Bot request blocked","path":"/health","service":"aquisutions-api","userAgent":"PostmanRuntime/7.43.2"}
{"level":"info","message":"::1 - - [14/Feb/2026:07:22:14 +0000] \"GET /health HTTP/1.1\" 403 68 \"-\" \"PostmanRuntime/7.43.2\"","service":"aquisutions-api"}
{"ip":"::1","level":"warn","message":"Bot request blocked","path":"/health","service":"aquisutions-api","userAgent":"PostmanRuntime/7.43.2"}
{"level":"info","message":"::1 - - [14/Feb/2026:07:22:16 +0000] \"GET /health HTTP/1.1\" 403 68 \"-\" \"PostmanRuntime/7.43.2\"","service":"aquisutions-api"}
{"ip":"::1","level":"warn","message":"Bot request blocked","path":"/health","service":"aquisutions-api","userAgent":"PostmanRuntime/7.43.2"}
{"level":"info","message":"::1 - - [14/Feb/2026:07:23:04 +0000] \"GET /health HTTP/1.1\" 403 68 \"-\" \"PostmanRuntime/7.43.2\"","service":"aquisutions-api"}
{"ip":"::1","level":"warn","message":"Bot request blocked","path":"/health","service":"aquisutions-api","userAgent":"PostmanRuntime/7.43.2"}
{"level":"info","message":"::1 - - [14/Feb/2026:07:23:06 +0000] \"GET /health HTTP/1.1\" 403 68 \"-\" \"PostmanRuntime/7.43.2\"","service":"aquisutions-api"}
{"ip":"::1","level":"warn","message":"Bot request blocked","path":"/health","service":"aquisutions-api","userAgent":"PostmanRuntime/7.43.2"}
{"level":"info","message":"::1 - - [14/Feb/2026:07:25:17 +0000] \"GET /health HTTP/1.1\" 403 68 \"-\" \"PostmanRuntime/7.43.2\"","service":"aquisutions-api"}
{"level":"info","message":"::1 - - [14/Feb/2026:07:27:36 +0000] \"GET /health HTTP/1.1\" 200 76 \"-\" \"HTTPie\"","service":"aquisutions-api"}
{"level":"info","message":"::1 - - [14/Feb/2026:07:27:38 +0000] \"GET /health HTTP/1.1\" 200 77 \"-\" \"HTTPie\"","service":"aquisutions-api"}
{"level":"info","message":"::1 - - [14/Feb/2026:07:27:38 +0000] \"GET /health HTTP/1.1\" 200 77 \"-\" \"HTTPie\"","service":"aquisutions-api"}
{"level":"info","message":"::1 - - [14/Feb/2026:07:27:38 +0000] \"GET /health HTTP/1.1\" 200 77 \"-\" \"HTTPie\"","service":"aquisutions-api"}
{"level":"info","message":"::1 - - [14/Feb/2026:07:27:39 +0000] \"GET /health HTTP/1.1\" 200 77 \"-\" \"HTTPie\"","service":"aquisutions-api"}
{"level":"info","message":"::1 - - [14/Feb/2026:07:27:39 +0000] \"GET /health HTTP/1.1\" 200 77 \"-\" \"HTTPie\"","service":"aquisutions-api"}
{"level":"info","message":"::1 - - [14/Feb/2026:07:27:39 +0000] \"GET /health HTTP/1.1\" 200 77 \"-\" \"HTTPie\"","service":"aquisutions-api"}
{"level":"info","message":"::1 - - [14/Feb/2026:07:27:40 +0000] \"GET /health HTTP/1.1\" 200 77 \"-\" \"HTTPie\"","service":"aquisutions-api"}
{"level":"info","message":"::1 - - [14/Feb/2026:07:27:40 +0000] \"GET /health HTTP/1.1\" 200 77 \"-\" \"HTTPie\"","service":"aquisutions-api"}
{"level":"info","message":"::1 - - [14/Feb/2026:07:27:40 +0000] \"GET /health HTTP/1.1\" 200 76 \"-\" \"HTTPie\"","service":"aquisutions-api"}
{"level":"info","message":"::1 - - [14/Feb/2026:07:27:40 +0000] \"GET /health HTTP/1.1\" 200 77 \"-\" \"HTTPie\"","service":"aquisutions-api"}
{"level":"info","message":"::1 - - [14/Feb/2026:07:27:41 +0000] \"GET /health HTTP/1.1\" 200 77 \"-\" \"HTTPie\"","service":"aquisutions-api"}
{"level":"info","message":"::1 - - [14/Feb/2026:07:27:41 +0000] \"GET /health HTTP/1.1\" 200 76 \"-\" \"HTTPie\"","service":"aquisutions-api"}
{"level":"info","message":"::1 - - [14/Feb/2026:07:27:41 +0000] \"GET /health HTTP/1.1\" 200 77 \"-\" \"HTTPie\"","service":"aquisutions-api"}
{"level":"info","message":"::1 - - [14/Feb/2026:07:27:41 +0000] \"GET /health HTTP/1.1\" 200 77 \"-\" \"HTTPie\"","service":"aquisutions-api"}
{"level":"info","message":"::1 - - [14/Feb/2026:07:27:42 +0000] \"GET /health HTTP/1.1\" 200 77 \"-\" \"HTTPie\"","service":"aquisutions-api"}
{"level":"info","message":"::1 - - [14/Feb/2026:07:27:42 +0000] \"GET /health HTTP/1.1\" 200 77 \"-\" \"HTTPie\"","service":"aquisutions-api"}
{"level":"info","message":"::1 - - [14/Feb/2026:07:27:42 +0000] \"GET /health HTTP/1.1\" 200 77 \"-\" \"HTTPie\"","service":"aquisutions-api"}
{"level":"info","message":"::1 - - [14/Feb/2026:07:27:43 +0000] \"GET /health HTTP/1.1\" 200 77 \"-\" \"HTTPie\"","service":"aquisutions-api"}
{"level":"info","message":"::1 - - [14/Feb/2026:07:27:43 +0000] \"GET /health HTTP/1.1\" 200 77 \"-\" \"HTTPie\"","service":"aquisutions-api"}
{"level":"info","message":"::1 - - [14/Feb/2026:07:27:43 +0000] \"GET /health HTTP/1.1\" 200 77 \"-\" \"HTTPie\"","service":"aquisutions-api"}
{"level":"info","message":"::1 - - [14/Feb/2026:07:27:43 +0000] \"GET /health HTTP/1.1\" 200 76 \"-\" \"HTTPie\"","service":"aquisutions-api"}
{"level":"info","message":"::1 - - [14/Feb/2026:07:27:44 +0000] \"GET /health HTTP/1.1\" 200 77 \"-\" \"HTTPie\"","service":"aquisutions-api"}
{"level":"info","message":"::1 - - [14/Feb/2026:07:27:44 +0000] \"GET /health HTTP/1.1\" 200 77 \"-\" \"HTTPie\"","service":"aquisutions-api"}
{"level":"info","message":"::1 - - [14/Feb/2026:07:27:44 +0000] \"GET /health HTTP/1.1\" 200 77 \"-\" \"HTTPie\"","service":"aquisutions-api"}
{"level":"info","message":"::1 - - [14/Feb/2026:07:27:44 +0000] \"GET /health HTTP/1.1\" 200 77 \"-\" \"HTTPie\"","service":"aquisutions-api"}
{"level":"info","message":"::1 - - [14/Feb/2026:07:27:45 +0000] \"GET /health HTTP/1.1\" 200 77 \"-\" \"HTTPie\"","service":"aquisutions-api"}
{"level":"info","message":"::1 - - [14/Feb/2026:07:27:45 +0000] \"GET /health HTTP/1.1\" 200 76 \"-\" \"HTTPie\"","service":"aquisutions-api"}
{"level":"info","message":"::1 - - [14/Feb/2026:07:27:45 +0000] \"GET /health HTTP/1.1\" 200 77 \"-\" \"HTTPie\"","service":"aquisutions-api"}
{"level":"info","message":"::1 - - [14/Feb/2026:07:27:45 +0000] \"GET /health HTTP/1.1\" 200 77 \"-\" \"HTTPie\"","service":"aquisutions-api"}
{"level":"info","message":"::1 - - [14/Feb/2026:07:27:46 +0000] \"GET /health HTTP/1.1\" 200 77 \"-\" \"HTTPie\"","service":"aquisutions-api"}
{"level":"info","message":"::1 - - [14/Feb/2026:07:27:46 +0000] \"GET /health HTTP/1.1\" 200 77 \"-\" \"HTTPie\"","service":"aquisutions-api"}
{"level":"info","message":"::1 - - [14/Feb/2026:07:27:46 +0000] \"GET /health HTTP/1.1\" 200 77 \"-\" \"HTTPie\"","service":"aquisutions-api"}
{"level":"info","message":"::1 - - [14/Feb/2026:07:27:47 +0000] \"GET /health HTTP/1.1\" 200 77 \"-\" \"HTTPie\"","service":"aquisutions-api"}
{"level":"info","message":"::1 - - [14/Feb/2026:07:27:47 +0000] \"GET /health HTTP/1.1\" 200 77 \"-\" \"HTTPie\"","service":"aquisutions-api"}
{"level":"info","message":"::1 - - [14/Feb/2026:07:27:47 +0000] \"GET /health HTTP/1.1\" 200 77 \"-\" \"HTTPie\"","service":"aquisutions-api"}
{"level":"info","message":"::1 - - [14/Feb/2026:07:27:48 +0000] \"GET /health HTTP/1.1\" 200 77 \"-\" \"HTTPie\"","service":"aquisutions-api"}
{"level":"info","message":"::1 - - [14/Feb/2026:07:27:48 +0000] \"GET /health HTTP/1.1\" 200 77 \"-\" \"HTTPie\"","service":"aquisutions-api"}
{"level":"info","message":"::1 - - [14/Feb/2026:07:27:48 +0000] \"GET /health HTTP/1.1\" 200 77 \"-\" \"HTTPie\"","service":"aquisutions-api"}
{"level":"info","message":"::1 - - [14/Feb/2026:07:27:48 +0000] \"GET /health HTTP/1.1\" 200 77 \"-\" \"HTTPie\"","service":"aquisutions-api"}
{"level":"info","message":"::1 - - [14/Feb/2026:07:27:48 +0000] \"GET /health HTTP/1.1\" 200 77 \"-\" \"HTTPie\"","service":"aquisutions-api"}
{"level":"info","message":"::1 - - [14/Feb/2026:07:27:49 +0000] \"GET /health HTTP/1.1\" 200 76 \"-\" \"HTTPie\"","service":"aquisutions-api"}
{"level":"info","message":"::1 - - [14/Feb/2026:07:27:49 +0000] \"GET /health HTTP/1.1\" 200 77 \"-\" \"HTTPie\"","service":"aquisutions-api"}
{"level":"info","message":"::1 - - [14/Feb/2026:07:27:49 +0000] \"GET /health HTTP/1.1\" 200 77 \"-\" \"HTTPie\"","service":"aquisutions-api"}
{"level":"info","message":"::1 - - [14/Feb/2026:07:27:51 +0000] \"GET /health HTTP/1.1\" 200 77 \"-\" \"HTTPie\"","service":"aquisutions-api"}
{"level":"info","message":"::1 - - [14/Feb/2026:07:27:51 +0000] \"GET /health HTTP/1.1\" 200 77 \"-\" \"HTTPie\"","service":"aquisutions-api"}
{"level":"info","message":"::1 - - [14/Feb/2026:07:27:52 +0000] \"GET /health HTTP/1.1\" 200 77 \"-\" \"HTTPie\"","service":"aquisutions-api"}
{"level":"info","message":"::1 - - [14/Feb/2026:07:27:53 +0000] \"GET /health HTTP/1.1\" 200 77 \"-\" \"HTTPie\"","service":"aquisutions-api"}
{"level":"info","message":"::1 - - [14/Feb/2026:07:27:53 +0000] \"GET /health HTTP/1.1\" 200 77 \"-\" \"HTTPie\"","service":"aquisutions-api"}
{"level":"info","message":"::1 - - [14/Feb/2026:07:27:54 +0000] \"GET /health HTTP/1.1\" 200 77 \"-\" \"HTTPie\"","service":"aquisutions-api"}
{"level":"info","message":"::1 - - [14/Feb/2026:07:27:54 +0000] \"GET /health HTTP/1.1\" 200 77 \"-\" \"HTTPie\"","service":"aquisutions-api"}
{"level":"info","message":"::1 - - [14/Feb/2026:07:27:55 +0000] \"GET /health HTTP/1.1\" 200 77 \"-\" \"HTTPie\"","service":"aquisutions-api"}
{"level":"info","message":"::1 - - [14/Feb/2026:07:27:55 +0000] \"GET /health HTTP/1.1\" 200 77 \"-\" \"HTTPie\"","service":"aquisutions-api"}
{"level":"info","message":"::1 - - [14/Feb/2026:07:27:55 +0000] \"GET /health HTTP/1.1\" 200 77 \"-\" \"HTTPie\"","service":"aquisutions-api"}
{"level":"info","message":"::1 - - [14/Feb/2026:07:27:55 +0000] \"GET /health HTTP/1.1\" 200 77 \"-\" \"HTTPie\"","service":"aquisutions-api"}
{"level":"info","message":"::1 - - [14/Feb/2026:07:27:56 +0000] \"GET /health HTTP/1.1\" 200 77 \"-\" \"HTTPie\"","service":"aquisutions-api"}
{"level":"info","message":"::1 - - [14/Feb/2026:07:27:56 +0000] \"GET /health HTTP/1.1\" 200 77 \"-\" \"HTTPie\"","service":"aquisutions-api"}
{"level":"info","message":"::1 - - [14/Feb/2026:07:27:56 +0000] \"GET /health HTTP/1.1\" 200 77 \"-\" \"HTTPie\"","service":"aquisutions-api"}
{"level":"info","message":"::1 - - [14/Feb/2026:07:27:56 +0000] \"GET /health HTTP/1.1\" 200 77 \"-\" \"HTTPie\"","service":"aquisutions-api"}
{"level":"info","message":"::1 - - [14/Feb/2026:07:33:45 +0000] \"GET /health HTTP/1.1\" 200 77 \"-\" \"HTTPie\"","service":"aquisutions-api"}
{"level":"info","message":"::1 - - [14/Feb/2026:07:33:46 +0000] \"GET /health HTTP/1.1\" 200 77 \"-\" \"HTTPie\"","service":"aquisutions-api"}
{"level":"info","message":"::1 - - [14/Feb/2026:07:33:47 +0000] \"GET /health HTTP/1.1\" 200 77 \"-\" \"HTTPie\"","service":"aquisutions-api"}
{"level":"info","message":"::1 - - [14/Feb/2026:07:33:47 +0000] \"GET /health HTTP/1.1\" 200 77 \"-\" \"HTTPie\"","service":"aquisutions-api"}
{"level":"info","message":"::1 - - [14/Feb/2026:07:33:48 +0000] \"GET /health HTTP/1.1\" 200 77 \"-\" \"HTTPie\"","service":"aquisutions-api"}
{"level":"info","message":"::1 - - [14/Feb/2026:07:33:48 +0000] \"GET /health HTTP/1.1\" 200 77 \"-\" \"HTTPie\"","service":"aquisutions-api"}
{"level":"info","message":"::1 - - [14/Feb/2026:07:33:48 +0000] \"GET /health HTTP/1.1\" 200 76 \"-\" \"HTTPie\"","service":"aquisutions-api"}
{"level":"info","message":"::1 - - [14/Feb/2026:07:33:49 +0000] \"GET /health HTTP/1.1\" 200 77 \"-\" \"HTTPie\"","service":"aquisutions-api"}
{"level":"info","message":"::1 - - [14/Feb/2026:07:33:49 +0000] \"GET /health HTTP/1.1\" 200 77 \"-\" \"HTTPie\"","service":"aquisutions-api"}
{"level":"info","message":"::1 - - [14/Feb/2026:07:33:49 +0000] \"GET /health HTTP/1.1\" 200 77 \"-\" \"HTTPie\"","service":"aquisutions-api"}
{"level":"info","message":"::1 - - [14/Feb/2026:07:33:50 +0000] \"GET /health HTTP/1.1\" 200 77 \"-\" \"HTTPie\"","service":"aquisutions-api"}
{"level":"info","message":"::1 - - [14/Feb/2026:07:33:50 +0000] \"GET /health HTTP/1.1\" 200 77 \"-\" \"HTTPie\"","service":"aquisutions-api"}
{"level":"info","message":"::1 - - [14/Feb/2026:07:33:50 +0000] \"GET /health HTTP/1.1\" 200 77 \"-\" \"HTTPie\"","service":"aquisutions-api"}
{"level":"info","message":"::1 - - [14/Feb/2026:07:33:51 +0000] \"GET /health HTTP/1.1\" 200 77 \"-\" \"HTTPie\"","service":"aquisutions-api"}
{"level":"info","message":"::1 - - [14/Feb/2026:07:33:51 +0000] \"GET /health HTTP/1.1\" 200 77 \"-\" \"HTTPie\"","service":"aquisutions-api"}
{"level":"info","message":"::1 - - [14/Feb/2026:07:33:51 +0000] \"GET /health HTTP/1.1\" 200 77 \"-\" \"HTTPie\"","service":"aquisutions-api"}
{"level":"info","message":"::1 - - [14/Feb/2026:07:33:51 +0000] \"GET /health HTTP/1.1\" 200 77 \"-\" \"HTTPie\"","service":"aquisutions-api"}
{"level":"info","message":"::1 - - [14/Feb/2026:07:33:52 +0000] \"GET /health HTTP/1.1\" 200 77 \"-\" \"HTTPie\"","service":"aquisutions-api"}
{"level":"info","message":"::1 - - [14/Feb/2026:07:33:52 +0000] \"GET /health HTTP/1.1\" 200 77 \"-\" \"HTTPie\"","service":"aquisutions-api"}
{"level":"info","message":"::1 - - [14/Feb/2026:07:33:52 +0000] \"GET /health HTTP/1.1\" 200 77 \"-\" \"HTTPie\"","service":"aquisutions-api"}
{"level":"info","message":"::1 - - [14/Feb/2026:07:33:52 +0000] \"GET /health HTTP/1.1\" 200 77 \"-\" \"HTTPie\"","service":"aquisutions-api"}
{"level":"info","message":"::1 - - [14/Feb/2026:07:33:53 +0000] \"GET /health HTTP/1.1\" 200 76 \"-\" \"HTTPie\"","service":"aquisutions-api"}
{"level":"info","message":"::1 - - [14/Feb/2026:07:33:53 +0000] \"GET /health HTTP/1.1\" 200 77 \"-\" \"HTTPie\"","service":"aquisutions-api"}
{"level":"info","message":"::1 - - [14/Feb/2026:07:33:53 +0000] \"GET /health HTTP/1.1\" 200 77 \"-\" \"HTTPie\"","service":"aquisutions-api"}
{"level":"info","message":"::1 - - [14/Feb/2026:07:33:53 +0000] \"GET /health HTTP/1.1\" 200 77 \"-\" \"HTTPie\"","service":"aquisutions-api"}
{"level":"info","message":"::1 - - [14/Feb/2026:07:33:54 +0000] \"GET /health HTTP/1.1\" 200 77 \"-\" \"HTTPie\"","service":"aquisutions-api"}
{"level":"info","message":"::1 - - [14/Feb/2026:07:33:54 +0000] \"GET /health HTTP/1.1\" 200 77 \"-\" \"HTTPie\"","service":"aquisutions-api"}
{"level":"info","message":"::1 - - [14/Feb/2026:07:33:54 +0000] \"GET /health HTTP/1.1\" 200 77 \"-\" \"HTTPie\"","service":"aquisutions-api"}
{"level":"info","message":"::1 - - [14/Feb/2026:07:33:54 +0000] \"GET /health HTTP/1.1\" 200 77 \"-\" \"HTTPie\"","service":"aquisutions-api"}
{"level":"info","message":"::1 - - [14/Feb/2026:07:33:55 +0000] \"GET /health HTTP/1.1\" 200 77 \"-\" \"HTTPie\"","service":"aquisutions-api"}
{"level":"info","message":"::1 - - [14/Feb/2026:07:33:55 +0000] \"GET /health HTTP/1.1\" 200 77 \"-\" \"HTTPie\"","service":"aquisutions-api"}
{"level":"info","message":"::1 - - [14/Feb/2026:07:33:55 +0000] \"GET /health HTTP/1.1\" 200 77 \"-\" \"HTTPie\"","service":"aquisutions-api"}
{"level":"info","message":"::1 - - [14/Feb/2026:07:33:55 +0000] \"GET /health HTTP/1.1\" 200 76 \"-\" \"HTTPie\"","service":"aquisutions-api"}
{"level":"info","message":"::1 - - [14/Feb/2026:07:33:55 +0000] \"GET /health HTTP/1.1\" 200 77 \"-\" \"HTTPie\"","service":"aquisutions-api"}
{"level":"info","message":"::1 - - [14/Feb/2026:07:33:56 +0000] \"GET /health HTTP/1.1\" 200 77 \"-\" \"HTTPie\"","service":"aquisutions-api"}
{"level":"info","message":"::1 - - [14/Feb/2026:07:33:56 +0000] \"GET /health HTTP/1.1\" 200 76 \"-\" \"HTTPie\"","service":"aquisutions-api"}
{"level":"info","message":"::1 - - [14/Feb/2026:07:33:56 +0000] \"GET /health HTTP/1.1\" 200 77 \"-\" \"HTTPie\"","service":"aquisutions-api"}
{"level":"info","message":"::1 - - [14/Feb/2026:07:33:56 +0000] \"GET /health HTTP/1.1\" 200 77 \"-\" \"HTTPie\"","service":"aquisutions-api"}
{"level":"info","message":"::1 - - [14/Feb/2026:07:33:57 +0000] \"GET /health HTTP/1.1\" 200 77 \"-\" \"HTTPie\"","service":"aquisutions-api"}
{"level":"info","message":"::1 - - [14/Feb/2026:07:33:57 +0000] \"GET /health HTTP/1.1\" 200 77 \"-\" \"HTTPie\"","service":"aquisutions-api"}
{"level":"info","message":"::1 - - [14/Feb/2026:07:33:57 +0000] \"GET /health HTTP/1.1\" 200 77 \"-\" \"HTTPie\"","service":"aquisutions-api"}
{"level":"info","message":"::1 - - [14/Feb/2026:07:33:57 +0000] \"GET /health HTTP/1.1\" 200 77 \"-\" \"HTTPie\"","service":"aquisutions-api"}
{"level":"info","message":"::1 - - [14/Feb/2026:07:33:58 +0000] \"GET /health HTTP/1.1\" 200 77 \"-\" \"HTTPie\"","service":"aquisutions-api"}
{"level":"info","message":"::1 - - [14/Feb/2026:07:33:58 +0000] \"GET /health HTTP/1.1\" 200 77 \"-\" \"HTTPie\"","service":"aquisutions-api"}
{"level":"info","message":"::1 - - [14/Feb/2026:07:33:58 +0000] \"GET /health HTTP/1.1\" 200 77 \"-\" \"HTTPie\"","service":"aquisutions-api"}
{"level":"info","message":"::1 - - [14/Feb/2026:07:33:58 +0000] \"GET /health HTTP/1.1\" 200 77 \"-\" \"HTTPie\"","service":"aquisutions-api"}
{"level":"info","message":"::1 - - [14/Feb/2026:07:33:59 +0000] \"GET /health HTTP/1.1\" 200 77 \"-\" \"HTTPie\"","service":"aquisutions-api"}
{"level":"info","message":"::1 - - [14/Feb/2026:07:33:59 +0000] \"GET /health HTTP/1.1\" 200 77 \"-\" \"HTTPie\"","service":"aquisutions-api"}
{"level":"info","message":"::1 - - [14/Feb/2026:07:33:59 +0000] \"GET /health HTTP/1.1\" 200 77 \"-\" \"HTTPie\"","service":"aquisutions-api"}
{"level":"info","message":"::1 - - [14/Feb/2026:07:33:59 +0000] \"GET /health HTTP/1.1\" 200 77 \"-\" \"HTTPie\"","service":"aquisutions-api"}
{"level":"info","message":"::1 - - [14/Feb/2026:07:34:00 +0000] \"GET /health HTTP/1.1\" 200 77 \"-\" \"HTTPie\"","service":"aquisutions-api"}
{"level":"info","message":"::1 - - [14/Feb/2026:07:34:00 +0000] \"GET /health HTTP/1.1\" 200 77 \"-\" \"HTTPie\"","service":"aquisutions-api"}
{"level":"info","message":"::1 - - [14/Feb/2026:07:34:00 +0000] \"GET /health HTTP/1.1\" 200 77 \"-\" \"HTTPie\"","service":"aquisutions-api"}
{"level":"info","message":"::1 - - [14/Feb/2026:07:34:00 +0000] \"GET /health HTTP/1.1\" 200 77 \"-\" \"HTTPie\"","service":"aquisutions-api"}
{"level":"info","message":"::1 - - [14/Feb/2026:07:34:01 +0000] \"GET /health HTTP/1.1\" 200 77 \"-\" \"HTTPie\"","service":"aquisutions-api"}
{"level":"info","message":"::1 - - [14/Feb/2026:07:34:01 +0000] \"GET /health HTTP/1.1\" 200 77 \"-\" \"HTTPie\"","service":"aquisutions-api"}
{"level":"info","message":"::1 - - [14/Feb/2026:07:34:01 +0000] \"GET /health HTTP/1.1\" 200 77 \"-\" \"HTTPie\"","service":"aquisutions-api"}
{"level":"info","message":"::1 - - [14/Feb/2026:07:34:01 +0000] \"GET /health HTTP/1.1\" 200 77 \"-\" \"HTTPie\"","service":"aquisutions-api"}
{"level":"info","message":"::1 - - [14/Feb/2026:07:34:02 +0000] \"GET /health HTTP/1.1\" 200 77 \"-\" \"HTTPie\"","service":"aquisutions-api"}
{"level":"info","message":"::1 - - [14/Feb/2026:07:34:02 +0000] \"GET /health HTTP/1.1\" 200 77 \"-\" \"HTTPie\"","service":"aquisutions-api"}
{"level":"info","message":"::1 - - [14/Feb/2026:07:34:02 +0000] \"GET /health HTTP/1.1\" 200 77 \"-\" \"HTTPie\"","service":"aquisutions-api"}
{"level":"info","message":"::1 - - [14/Feb/2026:07:34:02 +0000] \"GET /health HTTP/1.1\" 200 77 \"-\" \"HTTPie\"","service":"aquisutions-api"}
{"level":"info","message":"::1 - - [14/Feb/2026:07:34:03 +0000] \"GET /health HTTP/1.1\" 200 77 \"-\" \"HTTPie\"","service":"aquisutions-api"}
{"level":"info","message":"::1 - - [14/Feb/2026:07:34:03 +0000] \"GET /health HTTP/1.1\" 200 77 \"-\" \"HTTPie\"","service":"aquisutions-api"}
{"level":"info","message":"::1 - - [14/Feb/2026:07:45:26 +0000] \"GET /health HTTP/1.1\" 200 76 \"-\" \"HTTPie\"","service":"aquisutions-api"}
{"level":"info","message":"::1 - - [14/Feb/2026:07:45:27 +0000] \"GET /health HTTP/1.1\" 200 76 \"-\" \"HTTPie\"","service":"aquisutions-api"}
{"level":"info","message":"::1 - - [14/Feb/2026:07:45:28 +0000] \"GET /health HTTP/1.1\" 200 76 \"-\" \"HTTPie\"","service":"aquisutions-api"}
{"level":"info","message":"::1 - - [14/Feb/2026:07:45:28 +0000] \"GET /health HTTP/1.1\" 200 76 \"-\" \"HTTPie\"","service":"aquisutions-api"}
{"level":"info","message":"::1 - - [14/Feb/2026:07:45:28 +0000] \"GET /health HTTP/1.1\" 200 76 \"-\" \"HTTPie\"","service":"aquisutions-api"}
{"level":"info","message":"::1 - - [14/Feb/2026:07:45:28 +0000] \"GET /health HTTP/1.1\" 200 76 \"-\" \"HTTPie\"","service":"aquisutions-api"}
{"level":"info","message":"::1 - - [14/Feb/2026:07:45:29 +0000] \"GET /health HTTP/1.1\" 200 76 \"-\" \"HTTPie\"","service":"aquisutions-api"}
{"level":"info","message":"::1 - - [14/Feb/2026:07:45:29 +0000] \"GET /health HTTP/1.1\" 200 74 \"-\" \"HTTPie\"","service":"aquisutions-api"}
{"level":"info","message":"::1 - - [14/Feb/2026:07:45:29 +0000] \"GET /health HTTP/1.1\" 200 76 \"-\" \"HTTPie\"","service":"aquisutions-api"}
{"level":"info","message":"::1 - - [14/Feb/2026:07:45:29 +0000] \"GET /health HTTP/1.1\" 200 76 \"-\" \"HTTPie\"","service":"aquisutions-api"}
{"level":"info","message":"::1 - - [14/Feb/2026:07:45:30 +0000] \"GET /health HTTP/1.1\" 200 76 \"-\" \"HTTPie\"","service":"aquisutions-api"}
{"level":"info","message":"::1 - - [14/Feb/2026:07:45:30 +0000] \"GET /health HTTP/1.1\" 200 76 \"-\" \"HTTPie\"","service":"aquisutions-api"}
{"level":"info","message":"::1 - - [14/Feb/2026:07:45:30 +0000] \"GET /health HTTP/1.1\" 200 76 \"-\" \"HTTPie\"","service":"aquisutions-api"}
{"level":"info","message":"::1 - - [14/Feb/2026:07:45:31 +0000] \"GET /health HTTP/1.1\" 200 76 \"-\" \"HTTPie\"","service":"aquisutions-api"}
{"level":"info","message":"::1 - - [14/Feb/2026:07:45:31 +0000] \"GET /health HTTP/1.1\" 200 76 \"-\" \"HTTPie\"","service":"aquisutions-api"}
{"level":"info","message":"::1 - - [14/Feb/2026:07:45:31 +0000] \"GET /health HTTP/1.1\" 200 76 \"-\" \"HTTPie\"","service":"aquisutions-api"}
{"level":"info","message":"::1 - - [14/Feb/2026:07:45:31 +0000] \"GET /health HTTP/1.1\" 200 76 \"-\" \"HTTPie\"","service":"aquisutions-api"}
{"level":"info","message":"::1 - - [14/Feb/2026:07:45:32 +0000] \"GET /health HTTP/1.1\" 200 76 \"-\" \"HTTPie\"","service":"aquisutions-api"}
{"level":"info","message":"::1 - - [14/Feb/2026:07:45:32 +0000] \"GET /health HTTP/1.1\" 200 76 \"-\" \"HTTPie\"","service":"aquisutions-api"}
{"level":"info","message":"::1 - - [14/Feb/2026:07:45:32 +0000] \"GET /health HTTP/1.1\" 200 76 \"-\" \"HTTPie\"","service":"aquisutions-api"}
{"level":"info","message":"::1 - - [14/Feb/2026:07:45:33 +0000] \"GET /health HTTP/1.1\" 200 76 \"-\" \"HTTPie\"","service":"aquisutions-api"}
{"level":"info","message":"::1 - - [14/Feb/2026:07:45:33 +0000] \"GET /health HTTP/1.1\" 200 76 \"-\" \"HTTPie\"","service":"aquisutions-api"}
{"level":"info","message":"::1 - - [14/Feb/2026:07:45:34 +0000] \"GET /health HTTP/1.1\" 200 76 \"-\" \"HTTPie\"","service":"aquisutions-api"}
{"level":"info","message":"::1 - - [14/Feb/2026:07:45:35 +0000] \"GET /health HTTP/1.1\" 200 76 \"-\" \"HTTPie\"","service":"aquisutions-api"}
{"level":"info","message":"::1 - - [14/Feb/2026:07:45:50 +0000] \"GET /health HTTP/1.1\" 200 74 \"-\" \"HTTPie\"","service":"aquisutions-api"}
{"level":"info","message":"::1 - - [14/Feb/2026:07:47:14 +0000] \"GET /health HTTP/1.1\" 200 76 \"-\" \"HTTPie\"","service":"aquisutions-api"}
{"level":"info","message":"::1 - - [14/Feb/2026:07:54:53 +0000] \"GET /health HTTP/1.1\" 200 75 \"-\" \"HTTPie\"","service":"aquisutions-api"}
{"level":"info","message":"::1 - - [14/Feb/2026:07:54:59 +0000] \"GET /health HTTP/1.1\" 200 76 \"-\" \"HTTPie\"","service":"aquisutions-api"}
{"level":"info","message":"::1 - - [14/Feb/2026:07:56:54 +0000] \"GET /health HTTP/1.1\" 200 76 \"-\" \"HTTPie\"","service":"aquisutions-api"}
{"level":"info","message":"::1 - - [14/Feb/2026:07:56:55 +0000] \"GET /health HTTP/1.1\" 200 76 \"-\" \"HTTPie\"","service":"aquisutions-api"}
{"level":"info","message":"::1 - - [14/Feb/2026:07:56:56 +0000] \"GET /health HTTP/1.1\" 200 75 \"-\" \"HTTPie\"","service":"aquisutions-api"}
{"level":"info","message":"::1 - - [14/Feb/2026:07:56:56 +0000] \"GET /health HTTP/1.1\" 200 76 \"-\" \"HTTPie\"","service":"aquisutions-api"}
{"level":"info","message":"::1 - - [14/Feb/2026:07:56:57 +0000] \"GET /health HTTP/1.1\" 200 76 \"-\" \"HTTPie\"","service":"aquisutions-api"}
{"level":"info","message":"::1 - - [14/Feb/2026:07:56:57 +0000] \"GET /health HTTP/1.1\" 200 76 \"-\" \"HTTPie\"","service":"aquisutions-api"}
{"level":"info","message":"::1 - - [14/Feb/2026:07:56:57 +0000] \"GET /health HTTP/1.1\" 200 76 \"-\" \"HTTPie\"","service":"aquisutions-api"}
{"level":"info","message":"::1 - - [14/Feb/2026:07:56:57 +0000] \"GET /health HTTP/1.1\" 200 76 \"-\" \"HTTPie\"","service":"aquisutions-api"}
{"level":"info","message":"::1 - - [14/Feb/2026:07:56:58 +0000] \"GET /health HTTP/1.1\" 200 76 \"-\" \"HTTPie\"","service":"aquisutions-api"}
{"level":"info","message":"::1 - - [14/Feb/2026:07:56:58 +0000] \"GET /health HTTP/1.1\" 200 76 \"-\" \"HTTPie\"","service":"aquisutions-api"}
{"level":"info","message":"::1 - - [14/Feb/2026:07:56:58 +0000] \"GET /health HTTP/1.1\" 200 76 \"-\" \"HTTPie\"","service":"aquisutions-api"}
{"level":"info","message":"::1 - - [14/Feb/2026:07:56:58 +0000] \"GET /health HTTP/1.1\" 200 76 \"-\" \"HTTPie\"","service":"aquisutions-api"}
{"level":"info","message":"::1 - - [14/Feb/2026:07:56:59 +0000] \"GET /health HTTP/1.1\" 200 76 \"-\" \"HTTPie\"","service":"aquisutions-api"}
{"level":"info","message":"::1 - - [14/Feb/2026:07:56:59 +0000] \"GET /health HTTP/1.1\" 200 76 \"-\" \"HTTPie\"","service":"aquisutions-api"}
{"level":"info","message":"::1 - - [14/Feb/2026:07:56:59 +0000] \"GET /health HTTP/1.1\" 200 76 \"-\" \"HTTPie\"","service":"aquisutions-api"}
{"level":"info","message":"::1 - - [14/Feb/2026:07:56:59 +0000] \"GET /health HTTP/1.1\" 200 76 \"-\" \"HTTPie\"","service":"aquisutions-api"}
{"level":"info","message":"::1 - - [14/Feb/2026:07:58:48 +0000] \"GET /health HTTP/1.1\" 200 75 \"-\" \"HTTPie\"","service":"aquisutions-api"}
{"level":"info","message":"::1 - - [14/Feb/2026:07:58:52 +0000] \"GET /health HTTP/1.1\" 200 76 \"-\" \"HTTPie\"","service":"aquisutions-api"}
{"level":"info","message":"::1 - - [14/Feb/2026:07:58:52 +0000] \"GET /health HTTP/1.1\" 200 76 \"-\" \"HTTPie\"","service":"aquisutions-api"}
{"level":"info","message":"::1 - - [14/Feb/2026:07:58:52 +0000] \"GET /health HTTP/1.1\" 200 76 \"-\" \"HTTPie\"","service":"aquisutions-api"}
{"level":"info","message":"::1 - - [14/Feb/2026:07:58:53 +0000] \"GET /health HTTP/1.1\" 200 75 \"-\" \"HTTPie\"","service":"aquisutions-api"}
{"ip":"::1","level":"warn","message":"rate limit exceeded ","path":"/health","service":"aquisutions-api","userAgent":"HTTPie"}
{"level":"info","message":"::1 - - [14/Feb/2026:07:58:53 +0000] \"GET /health HTTP/1.1\" 403 51 \"-\" \"HTTPie\"","service":"aquisutions-api"}
{"ip":"::1","level":"warn","message":"rate limit exceeded ","path":"/health","service":"aquisutions-api","userAgent":"HTTPie"}
{"level":"info","message":"::1 - - [14/Feb/2026:07:58:53 +0000] \"GET /health HTTP/1.1\" 403 51 \"-\" \"HTTPie\"","service":"aquisutions-api"}
{"ip":"::1","level":"warn","message":"rate limit exceeded ","path":"/health","service":"aquisutions-api","userAgent":"HTTPie"}
{"level":"info","message":"::1 - - [14/Feb/2026:07:58:53 +0000] \"GET /health HTTP/1.1\" 403 51 \"-\" \"HTTPie\"","service":"aquisutions-api"}
{"ip":"::1","level":"warn","message":"rate limit exceeded ","path":"/health","service":"aquisutions-api","userAgent":"HTTPie"}
{"level":"info","message":"::1 - - [14/Feb/2026:07:58:54 +0000] \"GET /health HTTP/1.1\" 403 51 \"-\" \"HTTPie\"","service":"aquisutions-api"}
{"ip":"::1","level":"warn","message":"rate limit exceeded ","path":"/health","service":"aquisutions-api","userAgent":"HTTPie"}
{"level":"info","message":"::1 - - [14/Feb/2026:07:58:54 +0000] \"GET /health HTTP/1.1\" 403 51 \"-\" \"HTTPie\"","service":"aquisutions-api"}
{"ip":"::1","level":"warn","message":"rate limit exceeded ","path":"/health","service":"aquisutions-api","userAgent":"HTTPie"}
{"level":"info","message":"::1 - - [14/Feb/2026:07:58:54 +0000] \"GET /health HTTP/1.1\" 403 51 \"-\" \"HTTPie\"","service":"aquisutions-api"}
{"ip":"::1","level":"warn","message":"rate limit exceeded ","path":"/health","service":"aquisutions-api","userAgent":"HTTPie"}
{"level":"info","message":"::1 - - [14/Feb/2026:07:58:55 +0000] \"GET /health HTTP/1.1\" 403 51 \"-\" \"HTTPie\"","service":"aquisutions-api"}
